<?xml version="1.0" encoding="UTF-8"?>
<beans xmlns="http://www.springframework.org/schema/beans"
	xmlns:xsi="http://www.w3.org/2001/XMLSchema-instance"
	xmlns:context="http://www.springframework.org/schema/context"
	xmlns:camel="http://camel.apache.org/schema/spring"
	xmlns:tx="http://www.springframework.org/schema/tx"
	xsi:schemaLocation="
		http://www.springframework.org/schema/beans http://www.springframework.org/schema/beans/spring-beans.xsd
	 	http://www.springframework.org/schema/context http://www.springframework.org/schema/context/spring-context.xsd
	 	http://camel.apache.org/schema/spring http://camel.apache.org/schema/spring/camel-spring.xsd
	 	http://www.springframework.org/schema/tx http://www.springframework.org/schema/tx/spring-tx.xsd">
    
    <context:annotation-config />

	<!-- Auto Config annotated classes in these directories -->
	<context:component-scan base-package="com.apptech.first.server" />
	
	<import resource="classpath:persistence-context.xml"/>
    
    <import resource="classpath:apns-context.xml"/>
	
    
    <!-- Override Bean definitions for Unit testing here -->
    <camel:camelContext id="camel-apns" xmlns="http://camel.apache.org/schema/spring">
	    <route id="apns-push">
	    	<from uri="direct:mslApnsSender"/>
	     	<to uri="log:apns?showAll=true&amp;multiline=true"/>
	      	<to uri="apns:notify"/>
	    </route>
	</camel:camelContext>
	
	<bean id="mslApnsSender" class="com.apptech.first.server.notifications.ApnsSenderImpl">
		
	</bean>
    
</beans>