<?xml version="1.0" encoding="UTF-8" ?>
<testsuite failures="0" time="0.083" errors="0" skipped="0" tests="7" name="nz.govt.studylink.mslapp.server.notifications.NotificationsServiceImplTest">
  <properties>
    <property name="java.runtime.name" value="Java(TM) SE Runtime Environment"/>
    <property name="sun.boot.library.path" value="C:\Program Files\Java\jdk1.7.0_21\jre\bin"/>
    <property name="java.vm.version" value="23.21-b01"/>
    <property name="user.country.format" value="CN"/>
    <property name="java.vm.vendor" value="Oracle Corporation"/>
    <property name="java.vendor.url" value="http://java.oracle.com/"/>
    <property name="path.separator" value=";"/>
    <property name="guice.disable.misplaced.annotation.check" value="true"/>
    <property name="java.vm.name" value="Java HotSpot(TM) 64-Bit Server VM"/>
    <property name="file.encoding.pkg" value="sun.io"/>
    <property name="user.script" value=""/>
    <property name="user.country" value="US"/>
    <property name="sun.java.launcher" value="SUN_STANDARD"/>
    <property name="sun.os.patch.level" value="Service Pack 1"/>
    <property name="java.vm.specification.name" value="Java Virtual Machine Specification"/>
    <property name="user.dir" value="C:\Development\AppTechSpace\First-GWT"/>
    <property name="java.runtime.version" value="1.7.0_21-b11"/>
    <property name="java.awt.graphicsenv" value="sun.awt.Win32GraphicsEnvironment"/>
    <property name="java.endorsed.dirs" value="C:\Program Files\Java\jdk1.7.0_21\jre\lib\endorsed"/>
    <property name="os.arch" value="amd64"/>
    <property name="java.io.tmpdir" value="C:\Users\chepengf\AppData\Local\Temp\"/>
    <property name="line.separator" value="
"/>
    <property name="java.vm.specification.vendor" value="Oracle Corporation"/>
    <property name="user.variant" value=""/>
    <property name="os.name" value="Windows 7"/>
    <property name="classworlds.conf" value="C:\Development\AppTechSpace\.metadata\.plugins\org.eclipse.m2e.core\launches\m2conf7536600560797374023.tmp"/>
    <property name="sun.jnu.encoding" value="GBK"/>
    <property name="java.library.path" value="C:\Program Files\Java\jdk1.7.0_21\bin;C:\Windows\Sun\Java\bin;C:\Windows\system32;C:\Windows;C:\Program Files (x86)\AMD APP\bin\x86_64;C:\Program Files (x86)\AMD APP\bin\x86;C:\Program Files\RA2HP\;C:\Windows\system32;C:\Windows;C:\Windows\System32\Wbem;C:\Windows\System32\WindowsPowerShell\v1.0\;C:\Program Files\ActivIdentity\ActivClient\;C:\Program Files (x86)\ActivIdentity\ActivClient\;C:\Program Files (x86)\ATI Technologies\ATI.ACE\Core-Static;C:\Program Files\Java\jdk1.7.0_21\bin;C:\Program Files (x86)\Subversion\bin;C:\Program Files\TortoiseSVN\bin;c:\Development\Tools\apache-maven-3.0.5\bin;c:\Development\Tools\androidsdk\32\sdk\tools\;C:\KonyOne\ImageMagick;C:\KonyOne\Ant\bin;C:/Program Files (x86)/Java/jdk1.7.0_09/bin;;."/>
    <property name="java.specification.name" value="Java Platform API Specification"/>
    <property name="java.class.version" value="51.0"/>
    <property name="sun.management.compiler" value="HotSpot 64-Bit Tiered Compilers"/>
    <property name="os.version" value="6.1"/>
    <property name="user.home" value="C:\Users\chepengf"/>
    <property name="user.timezone" value="Pacific/Auckland"/>
    <property name="java.awt.printerjob" value="sun.awt.windows.WPrinterJob"/>
    <property name="java.specification.version" value="1.7"/>
    <property name="file.encoding" value="GBK"/>
    <property name="user.name" value="chepengf"/>
    <property name="java.class.path" value="/C:/Development/Tools/Eclipses/eclipse-jee-juno-SR2-win32-x86_64/configuration/org.eclipse.osgi/bundles/835/1/.cp/jars/plexus-classworlds-2.4.jar"/>
    <property name="java.vm.specification.version" value="1.7"/>
    <property name="sun.arch.data.model" value="64"/>
    <property name="java.home" value="C:\Program Files\Java\jdk1.7.0_21\jre"/>
    <property name="sun.java.command" value="org.codehaus.plexus.classworlds.launcher.Launcher -B install"/>
    <property name="java.specification.vendor" value="Oracle Corporation"/>
    <property name="user.language" value="en"/>
    <property name="user.language.format" value="zh"/>
    <property name="awt.toolkit" value="sun.awt.windows.WToolkit"/>
    <property name="java.vm.info" value="mixed mode"/>
    <property name="java.version" value="1.7.0_21"/>
    <property name="java.ext.dirs" value="C:\Program Files\Java\jdk1.7.0_21\jre\lib\ext;C:\Windows\Sun\Java\lib\ext"/>
    <property name="sun.boot.class.path" value="C:\Program Files\Java\jdk1.7.0_21\jre\lib\resources.jar;C:\Program Files\Java\jdk1.7.0_21\jre\lib\rt.jar;C:\Program Files\Java\jdk1.7.0_21\jre\lib\sunrsasign.jar;C:\Program Files\Java\jdk1.7.0_21\jre\lib\jsse.jar;C:\Program Files\Java\jdk1.7.0_21\jre\lib\jce.jar;C:\Program Files\Java\jdk1.7.0_21\jre\lib\charsets.jar;C:\Program Files\Java\jdk1.7.0_21\jre\lib\jfr.jar;C:\Program Files\Java\jdk1.7.0_21\jre\classes"/>
    <property name="java.vendor" value="Oracle Corporation"/>
    <property name="maven.home" value="C:\Development\AppTechSpace\First-GWT\EMBEDDED"/>
    <property name="file.separator" value="\"/>
    <property name="java.vendor.url.bug" value="http://bugreport.sun.com/bugreport/"/>
    <property name="sun.cpu.endian" value="little"/>
    <property name="sun.io.unicode.encoding" value="UnicodeLittle"/>
    <property name="sun.desktop" value="windows"/>
    <property name="sun.cpu.isalist" value="amd64"/>
  </properties>
  <testcase time="0.018" classname="nz.govt.studylink.mslapp.server.notifications.NotificationsServiceImplTest" name="testSetupNotifications_1"/>
  <testcase time="0.005" classname="nz.govt.studylink.mslapp.server.notifications.NotificationsServiceImplTest" name="testgetDevices_wrongUserId"/>
  <testcase time="0.016" classname="nz.govt.studylink.mslapp.server.notifications.NotificationsServiceImplTest" name="testgetDevices"/>
  <testcase time="0.005" classname="nz.govt.studylink.mslapp.server.notifications.NotificationsServiceImplTest" name="testSetupNotifications_emotyUser"/>
  <testcase time="0.039" classname="nz.govt.studylink.mslapp.server.notifications.NotificationsServiceImplTest" name="testSetupNotifications_secondDeviceSameUser"/>
  <testcase time="0" classname="nz.govt.studylink.mslapp.server.notifications.NotificationsServiceImplTest" name="testSetupNotifications_wrongDeviceType"/>
  <testcase time="0" classname="nz.govt.studylink.mslapp.server.notifications.NotificationsServiceImplTest" name="testSetupNotifications_nullUser"/>
</testsuite>